n:\github\ct5052-assignment-lewishammond-uog\framework\obj\framework.pdb
n:\github\ct5052-assignment-lewishammond-uog\framework\obj\framework.idb
n:\github\ct5052-assignment-lewishammond-uog\framework\obj\glad.obj
n:\github\ct5052-assignment-lewishammond-uog\framework\obj\utilities.obj
n:\github\ct5052-assignment-lewishammond-uog\framework\obj\gizmos.obj
n:\github\ct5052-assignment-lewishammond-uog\framework\obj\application_log.obj
n:\github\ct5052-assignment-lewishammond-uog\framework\obj\application.obj
n:\github\ct5052-assignment-lewishammond-uog\framework\obj\imgui_impl_opengl3.obj
n:\github\ct5052-assignment-lewishammond-uog\framework\obj\imgui_impl_glfw.obj
e:\uni\github\ct5052-assignment-lewishammond-uog\framework\obj\framework.pdb
e:\uni\github\ct5052-assignment-lewishammond-uog\framework\obj\framework.idb
e:\uni\github\ct5052-assignment-lewishammond-uog\framework\obj\glad.obj
e:\uni\github\ct5052-assignment-lewishammond-uog\framework\obj\utilities.obj
e:\uni\github\ct5052-assignment-lewishammond-uog\framework\obj\gizmos.obj
e:\uni\github\ct5052-assignment-lewishammond-uog\framework\obj\application_log.obj
e:\uni\github\ct5052-assignment-lewishammond-uog\framework\obj\application.obj
e:\uni\github\ct5052-assignment-lewishammond-uog\framework\obj\imgui_impl_opengl3.obj
e:\uni\github\ct5052-assignment-lewishammond-uog\framework\obj\imgui_impl_glfw.obj
n:\github\ct5052-assignment-lewishammond-uog\lib\framework.lib
e:\uni\github\ct5052-assignment-lewishammond-uog\framework\../lib\framework.pdb
e:\uni\github\ct5052-assignment-lewishammond-uog\framework\obj\framework.tlog\cl.command.1.tlog
e:\uni\github\ct5052-assignment-lewishammond-uog\framework\obj\framework.tlog\cl.read.1.tlog
e:\uni\github\ct5052-assignment-lewishammond-uog\framework\obj\framework.tlog\cl.write.1.tlog
e:\uni\github\ct5052-assignment-lewishammond-uog\framework\obj\framework.tlog\lib-link.read.1.tlog
e:\uni\github\ct5052-assignment-lewishammond-uog\framework\obj\framework.tlog\lib-link.write.1.tlog
e:\uni\github\ct5052-assignment-lewishammond-uog\framework\obj\framework.tlog\lib.command.1.tlog
